<?xml version="1.0" encoding="UTF-8"?>
<coverage generated="1651201054327" clover="3.2.0">
  <project timestamp="1651201054328" name="All files">
    <metrics statements="66" coveredstatements="66" conditionals="16" coveredconditionals="16" methods="15" coveredmethods="15" elements="97" coveredelements="97" complexity="0" loc="66" ncloc="66" packages="4" files="5" classes="5"/>
    <package name="src">
      <metrics statements="10" coveredstatements="10" conditionals="2" coveredconditionals="2" methods="1" coveredmethods="1"/>
      <file name="index.js" path="/Users/sigifredo.monsalve/Documents/smonsalve/github/projects-to-migration/dna-evaluator-lambda/src/index.js">
        <metrics statements="10" coveredstatements="10" conditionals="2" coveredconditionals="2" methods="1" coveredmethods="1"/>
        <line num="1" count="1" type="stmt"/>
        <line num="2" count="1" type="stmt"/>
        <line num="4" count="1" type="stmt"/>
        <line num="5" count="3" type="stmt"/>
        <line num="6" count="3" type="stmt"/>
        <line num="7" count="3" type="stmt"/>
        <line num="8" count="2" type="stmt"/>
        <line num="12" count="2" type="stmt"/>
        <line num="13" count="2" type="stmt"/>
        <line num="22" count="1" type="stmt"/>
      </file>
    </package>
    <package name="src.proxy">
      <metrics statements="49" coveredstatements="49" conditionals="14" coveredconditionals="14" methods="12" coveredmethods="12"/>
      <file name="DnaEvaluator.js" path="/Users/sigifredo.monsalve/Documents/smonsalve/github/projects-to-migration/dna-evaluator-lambda/src/proxy/DnaEvaluator.js">
        <metrics statements="38" coveredstatements="38" conditionals="10" coveredconditionals="10" methods="9" coveredmethods="9"/>
        <line num="1" count="3" type="stmt"/>
        <line num="5" count="13" type="stmt"/>
        <line num="15" count="8" type="stmt"/>
        <line num="16" count="8" type="stmt"/>
        <line num="17" count="39" type="cond" truecount="2" falsecount="0"/>
        <line num="19" count="7" type="stmt"/>
        <line num="20" count="7" type="stmt"/>
        <line num="30" count="6" type="stmt"/>
        <line num="31" count="6" type="stmt"/>
        <line num="32" count="216" type="stmt"/>
        <line num="33" count="36" type="cond" truecount="2" falsecount="0"/>
        <line num="35" count="6" type="stmt"/>
        <line num="36" count="6" type="stmt"/>
        <line num="46" count="4" type="stmt"/>
        <line num="47" count="4" type="stmt"/>
        <line num="48" count="4" type="stmt"/>
        <line num="49" count="4" type="stmt"/>
        <line num="50" count="4" type="stmt"/>
        <line num="51" count="4" type="stmt"/>
        <line num="52" count="24" type="stmt"/>
        <line num="58" count="24" type="cond" truecount="2" falsecount="0"/>
        <line num="59" count="12" type="stmt"/>
        <line num="60" count="60" type="stmt"/>
        <line num="61" count="60" type="stmt"/>
        <line num="62" count="60" type="cond" truecount="2" falsecount="0"/>
        <line num="63" count="36" type="stmt"/>
        <line num="64" count="36" type="stmt"/>
        <line num="67" count="12" type="stmt"/>
        <line num="68" count="12" type="stmt"/>
        <line num="69" count="12" type="stmt"/>
        <line num="70" count="12" type="stmt"/>
        <line num="72" count="24" type="stmt"/>
        <line num="74" count="4" type="stmt"/>
        <line num="75" count="48" type="cond" truecount="2" falsecount="0"/>
        <line num="77" count="4" type="stmt"/>
        <line num="78" count="4" type="stmt"/>
        <line num="88" count="473" type="stmt"/>
        <line num="92" count="3" type="stmt"/>
      </file>
      <file name="DnaEvaluatorProxy.js" path="/Users/sigifredo.monsalve/Documents/smonsalve/github/projects-to-migration/dna-evaluator-lambda/src/proxy/DnaEvaluatorProxy.js">
        <metrics statements="11" coveredstatements="11" conditionals="4" coveredconditionals="4" methods="3" coveredmethods="3"/>
        <line num="1" count="2" type="stmt"/>
        <line num="2" count="2" type="stmt"/>
        <line num="6" count="7" type="stmt"/>
        <line num="15" count="6" type="cond" truecount="2" falsecount="0"/>
        <line num="16" count="4" type="stmt"/>
        <line num="17" count="4" type="cond" truecount="2" falsecount="0"/>
        <line num="18" count="2" type="stmt"/>
        <line num="21" count="5" type="stmt"/>
        <line num="25" count="1" type="stmt"/>
        <line num="30" count="1" type="stmt"/>
        <line num="33" count="2" type="stmt"/>
      </file>
    </package>
    <package name="src.services">
      <metrics statements="6" coveredstatements="6" conditionals="0" coveredconditionals="0" methods="2" coveredmethods="2"/>
      <file name="DnaService.js" path="/Users/sigifredo.monsalve/Documents/smonsalve/github/projects-to-migration/dna-evaluator-lambda/src/services/DnaService.js">
        <metrics statements="6" coveredstatements="6" conditionals="0" coveredconditionals="0" methods="2" coveredmethods="2"/>
        <line num="1" count="3" type="stmt"/>
        <line num="2" count="3" type="stmt"/>
        <line num="6" count="2" type="stmt"/>
        <line num="16" count="1" type="stmt"/>
        <line num="20" count="1" type="stmt"/>
        <line num="24" count="3" type="stmt"/>
      </file>
    </package>
    <package name="src.utils">
      <metrics statements="1" coveredstatements="1" conditionals="0" coveredconditionals="0" methods="0" coveredmethods="0"/>
      <file name="constants.js" path="/Users/sigifredo.monsalve/Documents/smonsalve/github/projects-to-migration/dna-evaluator-lambda/src/utils/constants.js">
        <metrics statements="1" coveredstatements="1" conditionals="0" coveredconditionals="0" methods="0" coveredmethods="0"/>
        <line num="1" count="4" type="stmt"/>
      </file>
    </package>
  </project>
</coverage>
