{"/Users/sigifredo.monsalve/Documents/smonsalve/github/projects-to-migration/dna-evaluator-lambda/src/index.js": {"path":"/Users/sigifredo.monsalve/Documents/smonsalve/github/projects-to-migration/dna-evaluator-lambda/src/index.js","statementMap":{"0":{"start":{"line":1,"column":26},"end":{"line":1,"column":62}},"1":{"start":{"line":2,"column":18},"end":{"line":2,"column":46}},"2":{"start":{"line":4,"column":0},"end":{"line":24,"column":2}},"3":{"start":{"line":5,"column":2},"end":{"line":23,"column":3}},"4":{"start":{"line":6,"column":25},"end":{"line":6,"column":48}},"5":{"start":{"line":7,"column":26},"end":{"line":7,"column":58}},"6":{"start":{"line":8,"column":22},"end":{"line":11,"column":5}},"7":{"start":{"line":12,"column":4},"end":{"line":12,"column":41}},"8":{"start":{"line":13,"column":4},"end":{"line":20,"column":6}},"9":{"start":{"line":22,"column":4},"end":{"line":22,"column":16}}},"fnMap":{"0":{"name":"(anonymous_0)","decl":{"start":{"line":4,"column":18},"end":{"line":4,"column":19}},"loc":{"start":{"line":4,"column":35},"end":{"line":24,"column":1}},"line":4}},"branchMap":{"0":{"loc":{"start":{"line":14,"column":18},"end":{"line":16,"column":38}},"type":"cond-expr","locations":[{"start":{"line":15,"column":10},"end":{"line":15,"column":37}},{"start":{"line":16,"column":10},"end":{"line":16,"column":38}}],"line":14}},"s":{"0":1,"1":1,"2":1,"3":3,"4":3,"5":3,"6":2,"7":2,"8":2,"9":1},"f":{"0":3},"b":{"0":[1,1]},"_coverageSchema":"43e27e138ebf9cfc5966b082cf9a028302ed4184","hash":"2ca0c2186ec25270df5add26251a8c2da614f77a"}
,"/Users/sigifredo.monsalve/Documents/smonsalve/github/projects-to-migration/dna-evaluator-lambda/src/proxy/DnaEvaluator.js": {"path":"/Users/sigifredo.monsalve/Documents/smonsalve/github/projects-to-migration/dna-evaluator-lambda/src/proxy/DnaEvaluator.js","statementMap":{"0":{"start":{"line":1,"column":18},"end":{"line":1,"column":47}},"1":{"start":{"line":5,"column":4},"end":{"line":5,"column":25}},"2":{"start":{"line":15,"column":22},"end":{"line":15,"column":23}},"3":{"start":{"line":16,"column":4},"end":{"line":18,"column":7}},"4":{"start":{"line":17,"column":6},"end":{"line":17,"column":55}},"5":{"start":{"line":19,"column":4},"end":{"line":19,"column":36}},"6":{"start":{"line":20,"column":4},"end":{"line":20,"column":23}},"7":{"start":{"line":30,"column":22},"end":{"line":30,"column":23}},"8":{"start":{"line":31,"column":4},"end":{"line":34,"column":5}},"9":{"start":{"line":31,"column":23},"end":{"line":31,"column":24}},"10":{"start":{"line":32,"column":19},"end":{"line":32,"column":54}},"11":{"start":{"line":32,"column":34},"end":{"line":32,"column":44}},"12":{"start":{"line":33,"column":6},"end":{"line":33,"column":55}},"13":{"start":{"line":35,"column":4},"end":{"line":35,"column":36}},"14":{"start":{"line":36,"column":4},"end":{"line":36,"column":23}},"15":{"start":{"line":46,"column":22},"end":{"line":46,"column":23}},"16":{"start":{"line":47,"column":22},"end":{"line":47,"column":30}},"17":{"start":{"line":48,"column":4},"end":{"line":48,"column":24}},"18":{"start":{"line":49,"column":15},"end":{"line":49,"column":25}},"19":{"start":{"line":50,"column":19},"end":{"line":50,"column":21}},"20":{"start":{"line":51,"column":4},"end":{"line":73,"column":5}},"21":{"start":{"line":51,"column":25},"end":{"line":51,"column":26}},"22":{"start":{"line":52,"column":21},"end":{"line":57,"column":7}},"23":{"start":{"line":58,"column":6},"end":{"line":71,"column":7}},"24":{"start":{"line":59,"column":8},"end":{"line":66,"column":9}},"25":{"start":{"line":59,"column":25},"end":{"line":59,"column":26}},"26":{"start":{"line":60,"column":10},"end":{"line":60,"column":59}},"27":{"start":{"line":61,"column":10},"end":{"line":61,"column":66}},"28":{"start":{"line":62,"column":10},"end":{"line":65,"column":11}},"29":{"start":{"line":63,"column":12},"end":{"line":63,"column":61}},"30":{"start":{"line":64,"column":12},"end":{"line":64,"column":68}},"31":{"start":{"line":67,"column":8},"end":{"line":67,"column":43}},"32":{"start":{"line":68,"column":8},"end":{"line":68,"column":44}},"33":{"start":{"line":69,"column":8},"end":{"line":69,"column":43}},"34":{"start":{"line":70,"column":8},"end":{"line":70,"column":44}},"35":{"start":{"line":72,"column":6},"end":{"line":72,"column":13}},"36":{"start":{"line":74,"column":4},"end":{"line":76,"column":7}},"37":{"start":{"line":75,"column":6},"end":{"line":75,"column":55}},"38":{"start":{"line":77,"column":4},"end":{"line":77,"column":36}},"39":{"start":{"line":78,"column":4},"end":{"line":78,"column":23}},"40":{"start":{"line":88,"column":4},"end":{"line":88,"column":62}},"41":{"start":{"line":88,"column":42},"end":{"line":88,"column":60}},"42":{"start":{"line":92,"column":0},"end":{"line":92,"column":30}}},"fnMap":{"0":{"name":"(anonymous_0)","decl":{"start":{"line":4,"column":2},"end":{"line":4,"column":3}},"loc":{"start":{"line":4,"column":16},"end":{"line":6,"column":3}},"line":4},"1":{"name":"(anonymous_1)","decl":{"start":{"line":14,"column":2},"end":{"line":14,"column":3}},"loc":{"start":{"line":14,"column":37},"end":{"line":21,"column":3}},"line":14},"2":{"name":"(anonymous_2)","decl":{"start":{"line":16,"column":16},"end":{"line":16,"column":17}},"loc":{"start":{"line":16,"column":26},"end":{"line":18,"column":5}},"line":16},"3":{"name":"(anonymous_3)","decl":{"start":{"line":29,"column":2},"end":{"line":29,"column":3}},"loc":{"start":{"line":29,"column":35},"end":{"line":37,"column":3}},"line":29},"4":{"name":"(anonymous_4)","decl":{"start":{"line":32,"column":27},"end":{"line":32,"column":28}},"loc":{"start":{"line":32,"column":34},"end":{"line":32,"column":44}},"line":32},"5":{"name":"(anonymous_5)","decl":{"start":{"line":45,"column":2},"end":{"line":45,"column":3}},"loc":{"start":{"line":45,"column":34},"end":{"line":79,"column":3}},"line":45},"6":{"name":"(anonymous_6)","decl":{"start":{"line":74,"column":19},"end":{"line":74,"column":20}},"loc":{"start":{"line":74,"column":29},"end":{"line":76,"column":5}},"line":74},"7":{"name":"(anonymous_7)","decl":{"start":{"line":87,"column":2},"end":{"line":87,"column":3}},"loc":{"start":{"line":87,"column":23},"end":{"line":89,"column":3}},"line":87},"8":{"name":"(anonymous_8)","decl":{"start":{"line":88,"column":33},"end":{"line":88,"column":34}},"loc":{"start":{"line":88,"column":42},"end":{"line":88,"column":60}},"line":88}},"branchMap":{"0":{"loc":{"start":{"line":17,"column":21},"end":{"line":17,"column":54}},"type":"cond-expr","locations":[{"start":{"line":17,"column":49},"end":{"line":17,"column":50}},{"start":{"line":17,"column":53},"end":{"line":17,"column":54}}],"line":17},"1":{"loc":{"start":{"line":33,"column":21},"end":{"line":33,"column":54}},"type":"cond-expr","locations":[{"start":{"line":33,"column":49},"end":{"line":33,"column":50}},{"start":{"line":33,"column":53},"end":{"line":33,"column":54}}],"line":33},"2":{"loc":{"start":{"line":58,"column":6},"end":{"line":71,"column":7}},"type":"if","locations":[{"start":{"line":58,"column":6},"end":{"line":71,"column":7}},{"start":{"line":58,"column":6},"end":{"line":71,"column":7}}],"line":58},"3":{"loc":{"start":{"line":62,"column":10},"end":{"line":65,"column":11}},"type":"if","locations":[{"start":{"line":62,"column":10},"end":{"line":65,"column":11}},{"start":{"line":62,"column":10},"end":{"line":65,"column":11}}],"line":62},"4":{"loc":{"start":{"line":75,"column":21},"end":{"line":75,"column":54}},"type":"cond-expr","locations":[{"start":{"line":75,"column":49},"end":{"line":75,"column":50}},{"start":{"line":75,"column":53},"end":{"line":75,"column":54}}],"line":75}},"s":{"0":3,"1":13,"2":8,"3":8,"4":39,"5":7,"6":7,"7":6,"8":6,"9":6,"10":36,"11":216,"12":36,"13":6,"14":6,"15":4,"16":4,"17":4,"18":4,"19":4,"20":4,"21":4,"22":24,"23":24,"24":12,"25":12,"26":60,"27":60,"28":60,"29":36,"30":36,"31":12,"32":12,"33":12,"34":12,"35":24,"36":4,"37":48,"38":4,"39":4,"40":123,"41":473,"42":3},"f":{"0":13,"1":8,"2":39,"3":6,"4":216,"5":4,"6":48,"7":123,"8":473},"b":{"0":[5,34],"1":[3,33],"2":[12,12],"3":[36,24],"4":[2,46]},"_coverageSchema":"43e27e138ebf9cfc5966b082cf9a028302ed4184","hash":"d01c89b080364c91093286a18d2334470244fff4"}
,"/Users/sigifredo.monsalve/Documents/smonsalve/github/projects-to-migration/dna-evaluator-lambda/src/proxy/DnaEvaluatorProxy.js": {"path":"/Users/sigifredo.monsalve/Documents/smonsalve/github/projects-to-migration/dna-evaluator-lambda/src/proxy/DnaEvaluatorProxy.js","statementMap":{"0":{"start":{"line":1,"column":19},"end":{"line":1,"column":52}},"1":{"start":{"line":2,"column":21},"end":{"line":2,"column":46}},"2":{"start":{"line":6,"column":4},"end":{"line":6,"column":12}},"3":{"start":{"line":15,"column":4},"end":{"line":20,"column":5}},"4":{"start":{"line":16,"column":6},"end":{"line":16,"column":44}},"5":{"start":{"line":17,"column":6},"end":{"line":19,"column":7}},"6":{"start":{"line":18,"column":8},"end":{"line":18,"column":45}},"7":{"start":{"line":21,"column":4},"end":{"line":21,"column":33}},"8":{"start":{"line":25,"column":26},"end":{"line":29,"column":5}},"9":{"start":{"line":30,"column":4},"end":{"line":30,"column":61}},"10":{"start":{"line":33,"column":0},"end":{"line":33,"column":35}}},"fnMap":{"0":{"name":"(anonymous_0)","decl":{"start":{"line":5,"column":2},"end":{"line":5,"column":3}},"loc":{"start":{"line":5,"column":16},"end":{"line":7,"column":3}},"line":5},"1":{"name":"(anonymous_1)","decl":{"start":{"line":14,"column":2},"end":{"line":14,"column":3}},"loc":{"start":{"line":14,"column":16},"end":{"line":22,"column":3}},"line":14},"2":{"name":"(anonymous_2)","decl":{"start":{"line":24,"column":2},"end":{"line":24,"column":3}},"loc":{"start":{"line":24,"column":41},"end":{"line":31,"column":3}},"line":24}},"branchMap":{"0":{"loc":{"start":{"line":15,"column":4},"end":{"line":20,"column":5}},"type":"if","locations":[{"start":{"line":15,"column":4},"end":{"line":20,"column":5}},{"start":{"line":15,"column":4},"end":{"line":20,"column":5}}],"line":15},"1":{"loc":{"start":{"line":17,"column":6},"end":{"line":19,"column":7}},"type":"if","locations":[{"start":{"line":17,"column":6},"end":{"line":19,"column":7}},{"start":{"line":17,"column":6},"end":{"line":19,"column":7}}],"line":17}},"s":{"0":2,"1":2,"2":7,"3":6,"4":4,"5":4,"6":2,"7":5,"8":1,"9":1,"10":2},"f":{"0":7,"1":6,"2":1},"b":{"0":[4,1],"1":[2,2]},"_coverageSchema":"43e27e138ebf9cfc5966b082cf9a028302ed4184","hash":"ab1c17c724bf31fb29b46d7ce0874f0a9c3b6049"}
,"/Users/sigifredo.monsalve/Documents/smonsalve/github/projects-to-migration/dna-evaluator-lambda/src/services/DnaService.js": {"path":"/Users/sigifredo.monsalve/Documents/smonsalve/github/projects-to-migration/dna-evaluator-lambda/src/services/DnaService.js","statementMap":{"0":{"start":{"line":1,"column":18},"end":{"line":1,"column":47}},"1":{"start":{"line":2,"column":12},"end":{"line":2,"column":30}},"2":{"start":{"line":6,"column":4},"end":{"line":6,"column":77}},"3":{"start":{"line":16,"column":17},"end":{"line":19,"column":5}},"4":{"start":{"line":20,"column":4},"end":{"line":20,"column":51}},"5":{"start":{"line":24,"column":0},"end":{"line":24,"column":28}}},"fnMap":{"0":{"name":"(anonymous_0)","decl":{"start":{"line":5,"column":2},"end":{"line":5,"column":3}},"loc":{"start":{"line":5,"column":16},"end":{"line":7,"column":3}},"line":5},"1":{"name":"(anonymous_1)","decl":{"start":{"line":15,"column":2},"end":{"line":15,"column":3}},"loc":{"start":{"line":15,"column":36},"end":{"line":21,"column":3}},"line":15}},"branchMap":{},"s":{"0":3,"1":3,"2":2,"3":1,"4":1,"5":3},"f":{"0":2,"1":1},"b":{},"_coverageSchema":"43e27e138ebf9cfc5966b082cf9a028302ed4184","hash":"cb74d2358ae453879304f09369383b144eb1f4d2"}
,"/Users/sigifredo.monsalve/Documents/smonsalve/github/projects-to-migration/dna-evaluator-lambda/src/utils/constants.js": {"path":"/Users/sigifredo.monsalve/Documents/smonsalve/github/projects-to-migration/dna-evaluator-lambda/src/utils/constants.js","statementMap":{"0":{"start":{"line":1,"column":0},"end":{"line":6,"column":2}}},"fnMap":{},"branchMap":{},"s":{"0":4},"f":{},"b":{},"_coverageSchema":"43e27e138ebf9cfc5966b082cf9a028302ed4184","hash":"0ce71fb3f6c5e6e53309576b91d9fcc48f7c7079"}
}
