TN:
SF:/Users/sigifredo.monsalve/Documents/smonsalve/github/projects-to-migration/dna-evaluator-lambda/src/index.js
FN:4,(anonymous_0)
FNF:1
FNH:1
FNDA:3,(anonymous_0)
DA:1,1
DA:2,1
DA:4,1
DA:5,3
DA:6,3
DA:7,3
DA:8,2
DA:12,2
DA:13,2
DA:22,1
LF:10
LH:10
BRDA:14,0,0,1
BRDA:14,0,1,1
BRF:2
BRH:2
end_of_record
TN:
SF:/Users/sigifredo.monsalve/Documents/smonsalve/github/projects-to-migration/dna-evaluator-lambda/src/proxy/DnaEvaluator.js
FN:4,(anonymous_0)
FN:14,(anonymous_1)
FN:16,(anonymous_2)
FN:29,(anonymous_3)
FN:32,(anonymous_4)
FN:45,(anonymous_5)
FN:74,(anonymous_6)
FN:87,(anonymous_7)
FN:88,(anonymous_8)
FNF:9
FNH:9
FNDA:13,(anonymous_0)
FNDA:8,(anonymous_1)
FNDA:39,(anonymous_2)
FNDA:6,(anonymous_3)
FNDA:216,(anonymous_4)
FNDA:4,(anonymous_5)
FNDA:48,(anonymous_6)
FNDA:123,(anonymous_7)
FNDA:473,(anonymous_8)
DA:1,3
DA:5,13
DA:15,8
DA:16,8
DA:17,39
DA:19,7
DA:20,7
DA:30,6
DA:31,6
DA:32,216
DA:33,36
DA:35,6
DA:36,6
DA:46,4
DA:47,4
DA:48,4
DA:49,4
DA:50,4
DA:51,4
DA:52,24
DA:58,24
DA:59,12
DA:60,60
DA:61,60
DA:62,60
DA:63,36
DA:64,36
DA:67,12
DA:68,12
DA:69,12
DA:70,12
DA:72,24
DA:74,4
DA:75,48
DA:77,4
DA:78,4
DA:88,473
DA:92,3
LF:38
LH:38
BRDA:17,0,0,5
BRDA:17,0,1,34
BRDA:33,1,0,3
BRDA:33,1,1,33
BRDA:58,2,0,12
BRDA:58,2,1,12
BRDA:62,3,0,36
BRDA:62,3,1,24
BRDA:75,4,0,2
BRDA:75,4,1,46
BRF:10
BRH:10
end_of_record
TN:
SF:/Users/sigifredo.monsalve/Documents/smonsalve/github/projects-to-migration/dna-evaluator-lambda/src/proxy/DnaEvaluatorProxy.js
FN:5,(anonymous_0)
FN:14,(anonymous_1)
FN:24,(anonymous_2)
FNF:3
FNH:3
FNDA:7,(anonymous_0)
FNDA:6,(anonymous_1)
FNDA:1,(anonymous_2)
DA:1,2
DA:2,2
DA:6,7
DA:15,6
DA:16,4
DA:17,4
DA:18,2
DA:21,5
DA:25,1
DA:30,1
DA:33,2
LF:11
LH:11
BRDA:15,0,0,4
BRDA:15,0,1,1
BRDA:17,1,0,2
BRDA:17,1,1,2
BRF:4
BRH:4
end_of_record
TN:
SF:/Users/sigifredo.monsalve/Documents/smonsalve/github/projects-to-migration/dna-evaluator-lambda/src/services/DnaService.js
FN:5,(anonymous_0)
FN:15,(anonymous_1)
FNF:2
FNH:2
FNDA:2,(anonymous_0)
FNDA:1,(anonymous_1)
DA:1,3
DA:2,3
DA:6,2
DA:16,1
DA:20,1
DA:24,3
LF:6
LH:6
BRF:0
BRH:0
end_of_record
TN:
SF:/Users/sigifredo.monsalve/Documents/smonsalve/github/projects-to-migration/dna-evaluator-lambda/src/utils/constants.js
FNF:0
FNH:0
DA:1,4
LF:1
LH:1
BRF:0
BRH:0
end_of_record
